<?xml version="1.0" encoding="UTF-8"?>
<testsuite xmlns:xsi="http://www.w3.org/2001/XMLSchema-instance" xsi:noNamespaceSchemaLocation="https://maven.apache.org/surefire/maven-surefire-plugin/xsd/surefire-test-report.xsd" name="com.comviva.interop.txnengine.service.test.P2POffUsTransactionHPSHandlerMockTest" time="0.135" tests="5" errors="0" skipped="0" failures="0">
  <properties>
    <property name="sun.desktop" value="windows"/>
    <property name="awt.toolkit" value="sun.awt.windows.WToolkit"/>
    <property name="file.encoding.pkg" value="sun.io"/>
    <property name="java.specification.version" value="1.8"/>
    <property name="sun.cpu.isalist" value="amd64"/>
    <property name="sun.jnu.encoding" value="Cp1252"/>
    <property name="java.class.path" value="D:\comviva-javaproject\comviva_configapi\interop-ping-request\interop_microservice_morocco\Source_Financial\target\test-classes;D:\comviva-javaproject\comviva_configapi\interop-ping-request\interop_microservice_morocco\Source_Financial\target\classes;D:\NPCI\maven\repo\org\springframework\boot\spring-boot-starter-web\2.1.3.RELEASE\spring-boot-starter-web-2.1.3.RELEASE.jar;D:\NPCI\maven\repo\org\springframework\boot\spring-boot-starter\2.1.3.RELEASE\spring-boot-starter-2.1.3.RELEASE.jar;D:\NPCI\maven\repo\org\springframework\boot\spring-boot\2.1.3.RELEASE\spring-boot-2.1.3.RELEASE.jar;D:\NPCI\maven\repo\org\springframework\boot\spring-boot-autoconfigure\2.1.3.RELEASE\spring-boot-autoconfigure-2.1.3.RELEASE.jar;D:\NPCI\maven\repo\org\springframework\boot\spring-boot-starter-logging\2.1.3.RELEASE\spring-boot-starter-logging-2.1.3.RELEASE.jar;D:\NPCI\maven\repo\ch\qos\logback\logback-classic\1.2.3\logback-classic-1.2.3.jar;D:\NPCI\maven\repo\ch\qos\logback\logback-core\1.2.3\logback-core-1.2.3.jar;D:\NPCI\maven\repo\org\apache\logging\log4j\log4j-to-slf4j\2.11.2\log4j-to-slf4j-2.11.2.jar;D:\NPCI\maven\repo\org\apache\logging\log4j\log4j-api\2.11.2\log4j-api-2.11.2.jar;D:\NPCI\maven\repo\org\slf4j\jul-to-slf4j\1.7.25\jul-to-slf4j-1.7.25.jar;D:\NPCI\maven\repo\javax\annotation\javax.annotation-api\1.3.2\javax.annotation-api-1.3.2.jar;D:\NPCI\maven\repo\org\springframework\boot\spring-boot-starter-json\2.1.3.RELEASE\spring-boot-starter-json-2.1.3.RELEASE.jar;D:\NPCI\maven\repo\com\fasterxml\jackson\datatype\jackson-datatype-jdk8\2.9.8\jackson-datatype-jdk8-2.9.8.jar;D:\NPCI\maven\repo\com\fasterxml\jackson\datatype\jackson-datatype-jsr310\2.9.8\jackson-datatype-jsr310-2.9.8.jar;D:\NPCI\maven\repo\com\fasterxml\jackson\module\jackson-module-parameter-names\2.9.8\jackson-module-parameter-names-2.9.8.jar;D:\NPCI\maven\repo\org\hibernate\validator\hibernate-validator\6.0.14.Final\hibernate-validator-6.0.14.Final.jar;D:\NPCI\maven\repo\javax\validation\validation-api\2.0.1.Final\validation-api-2.0.1.Final.jar;D:\NPCI\maven\repo\org\jboss\logging\jboss-logging\3.3.2.Final\jboss-logging-3.3.2.Final.jar;D:\NPCI\maven\repo\org\springframework\spring-web\5.1.5.RELEASE\spring-web-5.1.5.RELEASE.jar;D:\NPCI\maven\repo\org\springframework\spring-webmvc\5.1.5.RELEASE\spring-webmvc-5.1.5.RELEASE.jar;D:\NPCI\maven\repo\org\springframework\security\spring-security-web\5.1.4.RELEASE\spring-security-web-5.1.4.RELEASE.jar;D:\NPCI\maven\repo\org\springframework\security\spring-security-core\5.1.4.RELEASE\spring-security-core-5.1.4.RELEASE.jar;D:\NPCI\maven\repo\org\springframework\spring-aop\5.1.5.RELEASE\spring-aop-5.1.5.RELEASE.jar;D:\NPCI\maven\repo\org\springframework\spring-beans\5.1.5.RELEASE\spring-beans-5.1.5.RELEASE.jar;D:\NPCI\maven\repo\org\springframework\spring-context\5.1.5.RELEASE\spring-context-5.1.5.RELEASE.jar;D:\NPCI\maven\repo\org\springframework\spring-core\5.1.5.RELEASE\spring-core-5.1.5.RELEASE.jar;D:\NPCI\maven\repo\org\springframework\spring-jcl\5.1.5.RELEASE\spring-jcl-5.1.5.RELEASE.jar;D:\NPCI\maven\repo\org\springframework\spring-expression\5.1.5.RELEASE\spring-expression-5.1.5.RELEASE.jar;D:\NPCI\maven\repo\org\springframework\security\spring-security-config\5.1.4.RELEASE\spring-security-config-5.1.4.RELEASE.jar;D:\NPCI\maven\repo\org\apache\httpcomponents\httpclient\4.5.7\httpclient-4.5.7.jar;D:\NPCI\maven\repo\org\apache\httpcomponents\httpcore\4.4.11\httpcore-4.4.11.jar;D:\NPCI\maven\repo\commons-codec\commons-codec\1.11\commons-codec-1.11.jar;D:\NPCI\maven\repo\org\springframework\boot\spring-boot-starter-jetty\2.1.3.RELEASE\spring-boot-starter-jetty-2.1.3.RELEASE.jar;D:\NPCI\maven\repo\org\eclipse\jetty\jetty-servlets\9.4.14.v20181114\jetty-servlets-9.4.14.v20181114.jar;D:\NPCI\maven\repo\org\eclipse\jetty\jetty-continuation\9.4.14.v20181114\jetty-continuation-9.4.14.v20181114.jar;D:\NPCI\maven\repo\org\eclipse\jetty\jetty-http\9.4.14.v20181114\jetty-http-9.4.14.v20181114.jar;D:\NPCI\maven\repo\org\eclipse\jetty\jetty-util\9.4.14.v20181114\jetty-util-9.4.14.v20181114.jar;D:\NPCI\maven\repo\org\eclipse\jetty\jetty-io\9.4.14.v20181114\jetty-io-9.4.14.v20181114.jar;D:\NPCI\maven\repo\org\eclipse\jetty\jetty-webapp\9.4.14.v20181114\jetty-webapp-9.4.14.v20181114.jar;D:\NPCI\maven\repo\org\eclipse\jetty\jetty-xml\9.4.14.v20181114\jetty-xml-9.4.14.v20181114.jar;D:\NPCI\maven\repo\org\eclipse\jetty\jetty-servlet\9.4.14.v20181114\jetty-servlet-9.4.14.v20181114.jar;D:\NPCI\maven\repo\org\eclipse\jetty\jetty-security\9.4.14.v20181114\jetty-security-9.4.14.v20181114.jar;D:\NPCI\maven\repo\org\eclipse\jetty\jetty-server\9.4.14.v20181114\jetty-server-9.4.14.v20181114.jar;D:\NPCI\maven\repo\org\eclipse\jetty\websocket\websocket-server\9.4.14.v20181114\websocket-server-9.4.14.v20181114.jar;D:\NPCI\maven\repo\org\eclipse\jetty\websocket\websocket-common\9.4.14.v20181114\websocket-common-9.4.14.v20181114.jar;D:\NPCI\maven\repo\org\eclipse\jetty\websocket\websocket-api\9.4.14.v20181114\websocket-api-9.4.14.v20181114.jar;D:\NPCI\maven\repo\org\eclipse\jetty\websocket\websocket-client\9.4.14.v20181114\websocket-client-9.4.14.v20181114.jar;D:\NPCI\maven\repo\org\eclipse\jetty\jetty-client\9.4.14.v20181114\jetty-client-9.4.14.v20181114.jar;D:\NPCI\maven\repo\org\eclipse\jetty\websocket\websocket-servlet\9.4.14.v20181114\websocket-servlet-9.4.14.v20181114.jar;D:\NPCI\maven\repo\javax\servlet\javax.servlet-api\4.0.1\javax.servlet-api-4.0.1.jar;D:\NPCI\maven\repo\org\eclipse\jetty\websocket\javax-websocket-server-impl\9.4.14.v20181114\javax-websocket-server-impl-9.4.14.v20181114.jar;D:\NPCI\maven\repo\org\eclipse\jetty\jetty-annotations\9.4.14.v20181114\jetty-annotations-9.4.14.v20181114.jar;D:\NPCI\maven\repo\org\eclipse\jetty\jetty-plus\9.4.14.v20181114\jetty-plus-9.4.14.v20181114.jar;D:\NPCI\maven\repo\org\ow2\asm\asm\7.0\asm-7.0.jar;D:\NPCI\maven\repo\org\ow2\asm\asm-commons\7.0\asm-commons-7.0.jar;D:\NPCI\maven\repo\org\ow2\asm\asm-tree\7.0\asm-tree-7.0.jar;D:\NPCI\maven\repo\org\ow2\asm\asm-analysis\7.0\asm-analysis-7.0.jar;D:\NPCI\maven\repo\org\eclipse\jetty\websocket\javax-websocket-client-impl\9.4.14.v20181114\javax-websocket-client-impl-9.4.14.v20181114.jar;D:\NPCI\maven\repo\javax\websocket\javax.websocket-api\1.1\javax.websocket-api-1.1.jar;D:\NPCI\maven\repo\org\mortbay\jasper\apache-el\8.5.35.1\apache-el-8.5.35.1.jar;D:\NPCI\maven\repo\org\springframework\boot\spring-boot-starter-jdbc\2.1.3.RELEASE\spring-boot-starter-jdbc-2.1.3.RELEASE.jar;D:\NPCI\maven\repo\org\springframework\spring-jdbc\5.1.5.RELEASE\spring-jdbc-5.1.5.RELEASE.jar;D:\NPCI\maven\repo\org\springframework\spring-tx\5.1.5.RELEASE\spring-tx-5.1.5.RELEASE.jar;D:\NPCI\maven\repo\org\springframework\boot\spring-boot-starter-data-jpa\2.1.3.RELEASE\spring-boot-starter-data-jpa-2.1.3.RELEASE.jar;D:\NPCI\maven\repo\org\springframework\boot\spring-boot-starter-aop\2.1.3.RELEASE\spring-boot-starter-aop-2.1.3.RELEASE.jar;D:\NPCI\maven\repo\org\aspectj\aspectjweaver\1.9.2\aspectjweaver-1.9.2.jar;D:\NPCI\maven\repo\javax\transaction\javax.transaction-api\1.3\javax.transaction-api-1.3.jar;D:\NPCI\maven\repo\javax\xml\bind\jaxb-api\2.3.1\jaxb-api-2.3.1.jar;D:\NPCI\maven\repo\javax\activation\javax.activation-api\1.2.0\javax.activation-api-1.2.0.jar;D:\NPCI\maven\repo\org\hibernate\hibernate-core\5.3.7.Final\hibernate-core-5.3.7.Final.jar;D:\NPCI\maven\repo\javax\persistence\javax.persistence-api\2.2\javax.persistence-api-2.2.jar;D:\NPCI\maven\repo\org\javassist\javassist\3.23.1-GA\javassist-3.23.1-GA.jar;D:\NPCI\maven\repo\net\bytebuddy\byte-buddy\1.9.10\byte-buddy-1.9.10.jar;D:\NPCI\maven\repo\antlr\antlr\2.7.7\antlr-2.7.7.jar;D:\NPCI\maven\repo\org\jboss\jandex\2.0.5.Final\jandex-2.0.5.Final.jar;D:\NPCI\maven\repo\org\dom4j\dom4j\2.1.1\dom4j-2.1.1.jar;D:\NPCI\maven\repo\org\hibernate\common\hibernate-commons-annotations\5.0.4.Final\hibernate-commons-annotations-5.0.4.Final.jar;D:\NPCI\maven\repo\org\springframework\data\spring-data-jpa\2.1.5.RELEASE\spring-data-jpa-2.1.5.RELEASE.jar;D:\NPCI\maven\repo\org\springframework\data\spring-data-commons\2.1.5.RELEASE\spring-data-commons-2.1.5.RELEASE.jar;D:\NPCI\maven\repo\org\springframework\spring-orm\5.1.5.RELEASE\spring-orm-5.1.5.RELEASE.jar;D:\NPCI\maven\repo\org\springframework\spring-aspects\5.1.5.RELEASE\spring-aspects-5.1.5.RELEASE.jar;D:\NPCI\maven\repo\org\liquibase\liquibase-core\3.6.3\liquibase-core-3.6.3.jar;D:\NPCI\maven\repo\org\yaml\snakeyaml\1.23\snakeyaml-1.23.jar;D:\NPCI\maven\repo\org\slf4j\slf4j-api\1.7.25\slf4j-api-1.7.25.jar;D:\NPCI\maven\repo\com\zaxxer\HikariCP\3.2.0\HikariCP-3.2.0.jar;D:\NPCI\maven\repo\org\hibernate\antlr\2.7.5H3\antlr-2.7.5H3.jar;D:\NPCI\maven\repo\com\oracle\ojdbc7\12.1.0.1\ojdbc7-12.1.0.1.jar;D:\NPCI\maven\repo\org\springframework\boot\spring-boot-starter-test\2.1.3.RELEASE\spring-boot-starter-test-2.1.3.RELEASE.jar;D:\NPCI\maven\repo\org\springframework\boot\spring-boot-test\2.1.3.RELEASE\spring-boot-test-2.1.3.RELEASE.jar;D:\NPCI\maven\repo\org\springframework\boot\spring-boot-test-autoconfigure\2.1.3.RELEASE\spring-boot-test-autoconfigure-2.1.3.RELEASE.jar;D:\NPCI\maven\repo\com\jayway\jsonpath\json-path\2.4.0\json-path-2.4.0.jar;D:\NPCI\maven\repo\net\minidev\json-smart\2.3\json-smart-2.3.jar;D:\NPCI\maven\repo\net\minidev\accessors-smart\1.2\accessors-smart-1.2.jar;D:\NPCI\maven\repo\junit\junit\4.12\junit-4.12.jar;D:\NPCI\maven\repo\org\assertj\assertj-core\3.11.1\assertj-core-3.11.1.jar;D:\NPCI\maven\repo\org\mockito\mockito-core\2.23.4\mockito-core-2.23.4.jar;D:\NPCI\maven\repo\net\bytebuddy\byte-buddy-agent\1.9.10\byte-buddy-agent-1.9.10.jar;D:\NPCI\maven\repo\org\objenesis\objenesis\2.6\objenesis-2.6.jar;D:\NPCI\maven\repo\org\hamcrest\hamcrest-core\1.3\hamcrest-core-1.3.jar;D:\NPCI\maven\repo\org\hamcrest\hamcrest-library\1.3\hamcrest-library-1.3.jar;D:\NPCI\maven\repo\org\skyscreamer\jsonassert\1.5.0\jsonassert-1.5.0.jar;D:\NPCI\maven\repo\com\vaadin\external\google\android-json\0.0.20131108.vaadin1\android-json-0.0.20131108.vaadin1.jar;D:\NPCI\maven\repo\org\springframework\spring-test\5.1.5.RELEASE\spring-test-5.1.5.RELEASE.jar;D:\NPCI\maven\repo\org\xmlunit\xmlunit-core\2.6.2\xmlunit-core-2.6.2.jar;D:\NPCI\maven\repo\org\projectlombok\lombok\1.18.6\lombok-1.18.6.jar;D:\NPCI\maven\repo\io\springfox\springfox-swagger2\2.8.0\springfox-swagger2-2.8.0.jar;D:\NPCI\maven\repo\io\swagger\swagger-annotations\1.5.14\swagger-annotations-1.5.14.jar;D:\NPCI\maven\repo\io\swagger\swagger-models\1.5.14\swagger-models-1.5.14.jar;D:\NPCI\maven\repo\io\springfox\springfox-spi\2.8.0\springfox-spi-2.8.0.jar;D:\NPCI\maven\repo\io\springfox\springfox-core\2.8.0\springfox-core-2.8.0.jar;D:\NPCI\maven\repo\io\springfox\springfox-schema\2.8.0\springfox-schema-2.8.0.jar;D:\NPCI\maven\repo\io\springfox\springfox-swagger-common\2.8.0\springfox-swagger-common-2.8.0.jar;D:\NPCI\maven\repo\io\springfox\springfox-spring-web\2.8.0\springfox-spring-web-2.8.0.jar;D:\NPCI\maven\repo\org\reflections\reflections\0.9.11\reflections-0.9.11.jar;D:\NPCI\maven\repo\com\google\guava\guava\20.0\guava-20.0.jar;D:\NPCI\maven\repo\com\fasterxml\classmate\1.4.0\classmate-1.4.0.jar;D:\NPCI\maven\repo\org\springframework\plugin\spring-plugin-core\1.2.0.RELEASE\spring-plugin-core-1.2.0.RELEASE.jar;D:\NPCI\maven\repo\org\springframework\plugin\spring-plugin-metadata\1.2.0.RELEASE\spring-plugin-metadata-1.2.0.RELEASE.jar;D:\NPCI\maven\repo\org\mapstruct\mapstruct\1.2.0.Final\mapstruct-1.2.0.Final.jar;D:\NPCI\maven\repo\io\springfox\springfox-swagger-ui\2.8.0\springfox-swagger-ui-2.8.0.jar;D:\NPCI\maven\repo\com\fasterxml\jackson\datatype\jackson-datatype-joda\2.9.8\jackson-datatype-joda-2.9.8.jar;D:\NPCI\maven\repo\com\fasterxml\jackson\core\jackson-annotations\2.9.0\jackson-annotations-2.9.0.jar;D:\NPCI\maven\repo\com\fasterxml\jackson\core\jackson-core\2.9.8\jackson-core-2.9.8.jar;D:\NPCI\maven\repo\com\fasterxml\jackson\core\jackson-databind\2.9.8\jackson-databind-2.9.8.jar;D:\NPCI\maven\repo\joda-time\joda-time\2.10.1\joda-time-2.10.1.jar;D:\NPCI\maven\repo\org\springframework\boot\spring-boot-configuration-processor\2.1.3.RELEASE\spring-boot-configuration-processor-2.1.3.RELEASE.jar;D:\NPCI\maven\repo\org\codehaus\janino\janino\3.0.12\janino-3.0.12.jar;D:\NPCI\maven\repo\org\codehaus\janino\commons-compiler\3.0.12\commons-compiler-3.0.12.jar;D:\NPCI\maven\repo\org\apache\velocity\velocity\1.7\velocity-1.7.jar;D:\NPCI\maven\repo\commons-collections\commons-collections\3.2.1\commons-collections-3.2.1.jar;D:\NPCI\maven\repo\commons-lang\commons-lang\2.4\commons-lang-2.4.jar;D:\NPCI\maven\repo\org\apache\velocity\velocity-tools\2.0\velocity-tools-2.0.jar;D:\NPCI\maven\repo\commons-beanutils\commons-beanutils\1.7.0\commons-beanutils-1.7.0.jar;D:\NPCI\maven\repo\commons-digester\commons-digester\1.8\commons-digester-1.8.jar;D:\NPCI\maven\repo\commons-chain\commons-chain\1.1\commons-chain-1.1.jar;D:\NPCI\maven\repo\commons-logging\commons-logging\1.1\commons-logging-1.1.jar;D:\NPCI\maven\repo\javax\servlet\servlet-api\2.3\servlet-api-2.3.jar;D:\NPCI\maven\repo\commons-validator\commons-validator\1.3.1\commons-validator-1.3.1.jar;D:\NPCI\maven\repo\dom4j\dom4j\1.6.1\dom4j-1.6.1.jar;D:\NPCI\maven\repo\xml-apis\xml-apis\1.4.01\xml-apis-1.4.01.jar;D:\NPCI\maven\repo\oro\oro\2.0.8\oro-2.0.8.jar;D:\NPCI\maven\repo\sslext\sslext\1.2-0\sslext-1.2-0.jar;D:\NPCI\maven\repo\org\apache\struts\struts-core\1.3.8\struts-core-1.3.8.jar;D:\NPCI\maven\repo\org\apache\struts\struts-taglib\1.3.8\struts-taglib-1.3.8.jar;D:\NPCI\maven\repo\org\apache\struts\struts-tiles\1.3.8\struts-tiles-1.3.8.jar;D:\NPCI\maven\repo\com\thoughtworks\xstream\xstream\1.4.11.1\xstream-1.4.11.1.jar;D:\NPCI\maven\repo\xmlpull\xmlpull\1.1.3.1\xmlpull-1.1.3.1.jar;D:\NPCI\maven\repo\xpp3\xpp3_min\1.1.4c\xpp3_min-1.1.4c.jar;D:\NPCI\maven\repo\io\rest-assured\rest-assured\3.0.0\rest-assured-3.0.0.jar;D:\NPCI\maven\repo\org\codehaus\groovy\groovy\2.5.6\groovy-2.5.6.jar;D:\NPCI\maven\repo\org\codehaus\groovy\groovy-xml\2.5.6\groovy-xml-2.5.6.jar;D:\NPCI\maven\repo\org\apache\httpcomponents\httpmime\4.5.7\httpmime-4.5.7.jar;D:\NPCI\maven\repo\org\ccil\cowan\tagsoup\tagsoup\1.2.1\tagsoup-1.2.1.jar;D:\NPCI\maven\repo\io\rest-assured\json-path\3.1.1\json-path-3.1.1.jar;D:\NPCI\maven\repo\org\codehaus\groovy\groovy-json\2.5.6\groovy-json-2.5.6.jar;D:\NPCI\maven\repo\io\rest-assured\rest-assured-common\3.1.1\rest-assured-common-3.1.1.jar;D:\NPCI\maven\repo\io\rest-assured\xml-path\3.1.1\xml-path-3.1.1.jar;D:\NPCI\maven\repo\org\apache\commons\commons-lang3\3.8.1\commons-lang3-3.8.1.jar;D:\NPCI\maven\repo\org\hamcrest\hamcrest-all\1.3\hamcrest-all-1.3.jar;"/>
    <property name="java.vm.vendor" value="Oracle Corporation"/>
    <property name="sun.arch.data.model" value="64"/>
    <property name="user.variant" value=""/>
    <property name="java.vendor.url" value="http://java.oracle.com/"/>
    <property name="user.timezone" value="Asia/Calcutta"/>
    <property name="java.vm.specification.version" value="1.8"/>
    <property name="os.name" value="Windows 7"/>
    <property name="user.country" value="IN"/>
    <property name="sun.java.launcher" value="SUN_STANDARD"/>
    <property name="sun.boot.library.path" value="C:\Program Files\Java\jdk1.8.0_171\jre\bin"/>
    <property name="sun.java.command" value="C:\Users\VENKAT~2\AppData\Local\Temp\surefire6923090852248269025\surefirebooter7046208641051682372.jar C:\Users\venkatesans\AppData\Local\Temp\surefire6923090852248269025 2019-10-17T14-20-18_452-jvmRun1 surefire2797435692296173363tmp surefire_04229983283143414478tmp"/>
    <property name="surefire.test.class.path" value="D:\comviva-javaproject\comviva_configapi\interop-ping-request\interop_microservice_morocco\Source_Financial\target\test-classes;D:\comviva-javaproject\comviva_configapi\interop-ping-request\interop_microservice_morocco\Source_Financial\target\classes;D:\NPCI\maven\repo\org\springframework\boot\spring-boot-starter-web\2.1.3.RELEASE\spring-boot-starter-web-2.1.3.RELEASE.jar;D:\NPCI\maven\repo\org\springframework\boot\spring-boot-starter\2.1.3.RELEASE\spring-boot-starter-2.1.3.RELEASE.jar;D:\NPCI\maven\repo\org\springframework\boot\spring-boot\2.1.3.RELEASE\spring-boot-2.1.3.RELEASE.jar;D:\NPCI\maven\repo\org\springframework\boot\spring-boot-autoconfigure\2.1.3.RELEASE\spring-boot-autoconfigure-2.1.3.RELEASE.jar;D:\NPCI\maven\repo\org\springframework\boot\spring-boot-starter-logging\2.1.3.RELEASE\spring-boot-starter-logging-2.1.3.RELEASE.jar;D:\NPCI\maven\repo\ch\qos\logback\logback-classic\1.2.3\logback-classic-1.2.3.jar;D:\NPCI\maven\repo\ch\qos\logback\logback-core\1.2.3\logback-core-1.2.3.jar;D:\NPCI\maven\repo\org\apache\logging\log4j\log4j-to-slf4j\2.11.2\log4j-to-slf4j-2.11.2.jar;D:\NPCI\maven\repo\org\apache\logging\log4j\log4j-api\2.11.2\log4j-api-2.11.2.jar;D:\NPCI\maven\repo\org\slf4j\jul-to-slf4j\1.7.25\jul-to-slf4j-1.7.25.jar;D:\NPCI\maven\repo\javax\annotation\javax.annotation-api\1.3.2\javax.annotation-api-1.3.2.jar;D:\NPCI\maven\repo\org\springframework\boot\spring-boot-starter-json\2.1.3.RELEASE\spring-boot-starter-json-2.1.3.RELEASE.jar;D:\NPCI\maven\repo\com\fasterxml\jackson\datatype\jackson-datatype-jdk8\2.9.8\jackson-datatype-jdk8-2.9.8.jar;D:\NPCI\maven\repo\com\fasterxml\jackson\datatype\jackson-datatype-jsr310\2.9.8\jackson-datatype-jsr310-2.9.8.jar;D:\NPCI\maven\repo\com\fasterxml\jackson\module\jackson-module-parameter-names\2.9.8\jackson-module-parameter-names-2.9.8.jar;D:\NPCI\maven\repo\org\hibernate\validator\hibernate-validator\6.0.14.Final\hibernate-validator-6.0.14.Final.jar;D:\NPCI\maven\repo\javax\validation\validation-api\2.0.1.Final\validation-api-2.0.1.Final.jar;D:\NPCI\maven\repo\org\jboss\logging\jboss-logging\3.3.2.Final\jboss-logging-3.3.2.Final.jar;D:\NPCI\maven\repo\org\springframework\spring-web\5.1.5.RELEASE\spring-web-5.1.5.RELEASE.jar;D:\NPCI\maven\repo\org\springframework\spring-webmvc\5.1.5.RELEASE\spring-webmvc-5.1.5.RELEASE.jar;D:\NPCI\maven\repo\org\springframework\security\spring-security-web\5.1.4.RELEASE\spring-security-web-5.1.4.RELEASE.jar;D:\NPCI\maven\repo\org\springframework\security\spring-security-core\5.1.4.RELEASE\spring-security-core-5.1.4.RELEASE.jar;D:\NPCI\maven\repo\org\springframework\spring-aop\5.1.5.RELEASE\spring-aop-5.1.5.RELEASE.jar;D:\NPCI\maven\repo\org\springframework\spring-beans\5.1.5.RELEASE\spring-beans-5.1.5.RELEASE.jar;D:\NPCI\maven\repo\org\springframework\spring-context\5.1.5.RELEASE\spring-context-5.1.5.RELEASE.jar;D:\NPCI\maven\repo\org\springframework\spring-core\5.1.5.RELEASE\spring-core-5.1.5.RELEASE.jar;D:\NPCI\maven\repo\org\springframework\spring-jcl\5.1.5.RELEASE\spring-jcl-5.1.5.RELEASE.jar;D:\NPCI\maven\repo\org\springframework\spring-expression\5.1.5.RELEASE\spring-expression-5.1.5.RELEASE.jar;D:\NPCI\maven\repo\org\springframework\security\spring-security-config\5.1.4.RELEASE\spring-security-config-5.1.4.RELEASE.jar;D:\NPCI\maven\repo\org\apache\httpcomponents\httpclient\4.5.7\httpclient-4.5.7.jar;D:\NPCI\maven\repo\org\apache\httpcomponents\httpcore\4.4.11\httpcore-4.4.11.jar;D:\NPCI\maven\repo\commons-codec\commons-codec\1.11\commons-codec-1.11.jar;D:\NPCI\maven\repo\org\springframework\boot\spring-boot-starter-jetty\2.1.3.RELEASE\spring-boot-starter-jetty-2.1.3.RELEASE.jar;D:\NPCI\maven\repo\org\eclipse\jetty\jetty-servlets\9.4.14.v20181114\jetty-servlets-9.4.14.v20181114.jar;D:\NPCI\maven\repo\org\eclipse\jetty\jetty-continuation\9.4.14.v20181114\jetty-continuation-9.4.14.v20181114.jar;D:\NPCI\maven\repo\org\eclipse\jetty\jetty-http\9.4.14.v20181114\jetty-http-9.4.14.v20181114.jar;D:\NPCI\maven\repo\org\eclipse\jetty\jetty-util\9.4.14.v20181114\jetty-util-9.4.14.v20181114.jar;D:\NPCI\maven\repo\org\eclipse\jetty\jetty-io\9.4.14.v20181114\jetty-io-9.4.14.v20181114.jar;D:\NPCI\maven\repo\org\eclipse\jetty\jetty-webapp\9.4.14.v20181114\jetty-webapp-9.4.14.v20181114.jar;D:\NPCI\maven\repo\org\eclipse\jetty\jetty-xml\9.4.14.v20181114\jetty-xml-9.4.14.v20181114.jar;D:\NPCI\maven\repo\org\eclipse\jetty\jetty-servlet\9.4.14.v20181114\jetty-servlet-9.4.14.v20181114.jar;D:\NPCI\maven\repo\org\eclipse\jetty\jetty-security\9.4.14.v20181114\jetty-security-9.4.14.v20181114.jar;D:\NPCI\maven\repo\org\eclipse\jetty\jetty-server\9.4.14.v20181114\jetty-server-9.4.14.v20181114.jar;D:\NPCI\maven\repo\org\eclipse\jetty\websocket\websocket-server\9.4.14.v20181114\websocket-server-9.4.14.v20181114.jar;D:\NPCI\maven\repo\org\eclipse\jetty\websocket\websocket-common\9.4.14.v20181114\websocket-common-9.4.14.v20181114.jar;D:\NPCI\maven\repo\org\eclipse\jetty\websocket\websocket-api\9.4.14.v20181114\websocket-api-9.4.14.v20181114.jar;D:\NPCI\maven\repo\org\eclipse\jetty\websocket\websocket-client\9.4.14.v20181114\websocket-client-9.4.14.v20181114.jar;D:\NPCI\maven\repo\org\eclipse\jetty\jetty-client\9.4.14.v20181114\jetty-client-9.4.14.v20181114.jar;D:\NPCI\maven\repo\org\eclipse\jetty\websocket\websocket-servlet\9.4.14.v20181114\websocket-servlet-9.4.14.v20181114.jar;D:\NPCI\maven\repo\javax\servlet\javax.servlet-api\4.0.1\javax.servlet-api-4.0.1.jar;D:\NPCI\maven\repo\org\eclipse\jetty\websocket\javax-websocket-server-impl\9.4.14.v20181114\javax-websocket-server-impl-9.4.14.v20181114.jar;D:\NPCI\maven\repo\org\eclipse\jetty\jetty-annotations\9.4.14.v20181114\jetty-annotations-9.4.14.v20181114.jar;D:\NPCI\maven\repo\org\eclipse\jetty\jetty-plus\9.4.14.v20181114\jetty-plus-9.4.14.v20181114.jar;D:\NPCI\maven\repo\org\ow2\asm\asm\7.0\asm-7.0.jar;D:\NPCI\maven\repo\org\ow2\asm\asm-commons\7.0\asm-commons-7.0.jar;D:\NPCI\maven\repo\org\ow2\asm\asm-tree\7.0\asm-tree-7.0.jar;D:\NPCI\maven\repo\org\ow2\asm\asm-analysis\7.0\asm-analysis-7.0.jar;D:\NPCI\maven\repo\org\eclipse\jetty\websocket\javax-websocket-client-impl\9.4.14.v20181114\javax-websocket-client-impl-9.4.14.v20181114.jar;D:\NPCI\maven\repo\javax\websocket\javax.websocket-api\1.1\javax.websocket-api-1.1.jar;D:\NPCI\maven\repo\org\mortbay\jasper\apache-el\8.5.35.1\apache-el-8.5.35.1.jar;D:\NPCI\maven\repo\org\springframework\boot\spring-boot-starter-jdbc\2.1.3.RELEASE\spring-boot-starter-jdbc-2.1.3.RELEASE.jar;D:\NPCI\maven\repo\org\springframework\spring-jdbc\5.1.5.RELEASE\spring-jdbc-5.1.5.RELEASE.jar;D:\NPCI\maven\repo\org\springframework\spring-tx\5.1.5.RELEASE\spring-tx-5.1.5.RELEASE.jar;D:\NPCI\maven\repo\org\springframework\boot\spring-boot-starter-data-jpa\2.1.3.RELEASE\spring-boot-starter-data-jpa-2.1.3.RELEASE.jar;D:\NPCI\maven\repo\org\springframework\boot\spring-boot-starter-aop\2.1.3.RELEASE\spring-boot-starter-aop-2.1.3.RELEASE.jar;D:\NPCI\maven\repo\org\aspectj\aspectjweaver\1.9.2\aspectjweaver-1.9.2.jar;D:\NPCI\maven\repo\javax\transaction\javax.transaction-api\1.3\javax.transaction-api-1.3.jar;D:\NPCI\maven\repo\javax\xml\bind\jaxb-api\2.3.1\jaxb-api-2.3.1.jar;D:\NPCI\maven\repo\javax\activation\javax.activation-api\1.2.0\javax.activation-api-1.2.0.jar;D:\NPCI\maven\repo\org\hibernate\hibernate-core\5.3.7.Final\hibernate-core-5.3.7.Final.jar;D:\NPCI\maven\repo\javax\persistence\javax.persistence-api\2.2\javax.persistence-api-2.2.jar;D:\NPCI\maven\repo\org\javassist\javassist\3.23.1-GA\javassist-3.23.1-GA.jar;D:\NPCI\maven\repo\net\bytebuddy\byte-buddy\1.9.10\byte-buddy-1.9.10.jar;D:\NPCI\maven\repo\antlr\antlr\2.7.7\antlr-2.7.7.jar;D:\NPCI\maven\repo\org\jboss\jandex\2.0.5.Final\jandex-2.0.5.Final.jar;D:\NPCI\maven\repo\org\dom4j\dom4j\2.1.1\dom4j-2.1.1.jar;D:\NPCI\maven\repo\org\hibernate\common\hibernate-commons-annotations\5.0.4.Final\hibernate-commons-annotations-5.0.4.Final.jar;D:\NPCI\maven\repo\org\springframework\data\spring-data-jpa\2.1.5.RELEASE\spring-data-jpa-2.1.5.RELEASE.jar;D:\NPCI\maven\repo\org\springframework\data\spring-data-commons\2.1.5.RELEASE\spring-data-commons-2.1.5.RELEASE.jar;D:\NPCI\maven\repo\org\springframework\spring-orm\5.1.5.RELEASE\spring-orm-5.1.5.RELEASE.jar;D:\NPCI\maven\repo\org\springframework\spring-aspects\5.1.5.RELEASE\spring-aspects-5.1.5.RELEASE.jar;D:\NPCI\maven\repo\org\liquibase\liquibase-core\3.6.3\liquibase-core-3.6.3.jar;D:\NPCI\maven\repo\org\yaml\snakeyaml\1.23\snakeyaml-1.23.jar;D:\NPCI\maven\repo\org\slf4j\slf4j-api\1.7.25\slf4j-api-1.7.25.jar;D:\NPCI\maven\repo\com\zaxxer\HikariCP\3.2.0\HikariCP-3.2.0.jar;D:\NPCI\maven\repo\org\hibernate\antlr\2.7.5H3\antlr-2.7.5H3.jar;D:\NPCI\maven\repo\com\oracle\ojdbc7\12.1.0.1\ojdbc7-12.1.0.1.jar;D:\NPCI\maven\repo\org\springframework\boot\spring-boot-starter-test\2.1.3.RELEASE\spring-boot-starter-test-2.1.3.RELEASE.jar;D:\NPCI\maven\repo\org\springframework\boot\spring-boot-test\2.1.3.RELEASE\spring-boot-test-2.1.3.RELEASE.jar;D:\NPCI\maven\repo\org\springframework\boot\spring-boot-test-autoconfigure\2.1.3.RELEASE\spring-boot-test-autoconfigure-2.1.3.RELEASE.jar;D:\NPCI\maven\repo\com\jayway\jsonpath\json-path\2.4.0\json-path-2.4.0.jar;D:\NPCI\maven\repo\net\minidev\json-smart\2.3\json-smart-2.3.jar;D:\NPCI\maven\repo\net\minidev\accessors-smart\1.2\accessors-smart-1.2.jar;D:\NPCI\maven\repo\junit\junit\4.12\junit-4.12.jar;D:\NPCI\maven\repo\org\assertj\assertj-core\3.11.1\assertj-core-3.11.1.jar;D:\NPCI\maven\repo\org\mockito\mockito-core\2.23.4\mockito-core-2.23.4.jar;D:\NPCI\maven\repo\net\bytebuddy\byte-buddy-agent\1.9.10\byte-buddy-agent-1.9.10.jar;D:\NPCI\maven\repo\org\objenesis\objenesis\2.6\objenesis-2.6.jar;D:\NPCI\maven\repo\org\hamcrest\hamcrest-core\1.3\hamcrest-core-1.3.jar;D:\NPCI\maven\repo\org\hamcrest\hamcrest-library\1.3\hamcrest-library-1.3.jar;D:\NPCI\maven\repo\org\skyscreamer\jsonassert\1.5.0\jsonassert-1.5.0.jar;D:\NPCI\maven\repo\com\vaadin\external\google\android-json\0.0.20131108.vaadin1\android-json-0.0.20131108.vaadin1.jar;D:\NPCI\maven\repo\org\springframework\spring-test\5.1.5.RELEASE\spring-test-5.1.5.RELEASE.jar;D:\NPCI\maven\repo\org\xmlunit\xmlunit-core\2.6.2\xmlunit-core-2.6.2.jar;D:\NPCI\maven\repo\org\projectlombok\lombok\1.18.6\lombok-1.18.6.jar;D:\NPCI\maven\repo\io\springfox\springfox-swagger2\2.8.0\springfox-swagger2-2.8.0.jar;D:\NPCI\maven\repo\io\swagger\swagger-annotations\1.5.14\swagger-annotations-1.5.14.jar;D:\NPCI\maven\repo\io\swagger\swagger-models\1.5.14\swagger-models-1.5.14.jar;D:\NPCI\maven\repo\io\springfox\springfox-spi\2.8.0\springfox-spi-2.8.0.jar;D:\NPCI\maven\repo\io\springfox\springfox-core\2.8.0\springfox-core-2.8.0.jar;D:\NPCI\maven\repo\io\springfox\springfox-schema\2.8.0\springfox-schema-2.8.0.jar;D:\NPCI\maven\repo\io\springfox\springfox-swagger-common\2.8.0\springfox-swagger-common-2.8.0.jar;D:\NPCI\maven\repo\io\springfox\springfox-spring-web\2.8.0\springfox-spring-web-2.8.0.jar;D:\NPCI\maven\repo\org\reflections\reflections\0.9.11\reflections-0.9.11.jar;D:\NPCI\maven\repo\com\google\guava\guava\20.0\guava-20.0.jar;D:\NPCI\maven\repo\com\fasterxml\classmate\1.4.0\classmate-1.4.0.jar;D:\NPCI\maven\repo\org\springframework\plugin\spring-plugin-core\1.2.0.RELEASE\spring-plugin-core-1.2.0.RELEASE.jar;D:\NPCI\maven\repo\org\springframework\plugin\spring-plugin-metadata\1.2.0.RELEASE\spring-plugin-metadata-1.2.0.RELEASE.jar;D:\NPCI\maven\repo\org\mapstruct\mapstruct\1.2.0.Final\mapstruct-1.2.0.Final.jar;D:\NPCI\maven\repo\io\springfox\springfox-swagger-ui\2.8.0\springfox-swagger-ui-2.8.0.jar;D:\NPCI\maven\repo\com\fasterxml\jackson\datatype\jackson-datatype-joda\2.9.8\jackson-datatype-joda-2.9.8.jar;D:\NPCI\maven\repo\com\fasterxml\jackson\core\jackson-annotations\2.9.0\jackson-annotations-2.9.0.jar;D:\NPCI\maven\repo\com\fasterxml\jackson\core\jackson-core\2.9.8\jackson-core-2.9.8.jar;D:\NPCI\maven\repo\com\fasterxml\jackson\core\jackson-databind\2.9.8\jackson-databind-2.9.8.jar;D:\NPCI\maven\repo\joda-time\joda-time\2.10.1\joda-time-2.10.1.jar;D:\NPCI\maven\repo\org\springframework\boot\spring-boot-configuration-processor\2.1.3.RELEASE\spring-boot-configuration-processor-2.1.3.RELEASE.jar;D:\NPCI\maven\repo\org\codehaus\janino\janino\3.0.12\janino-3.0.12.jar;D:\NPCI\maven\repo\org\codehaus\janino\commons-compiler\3.0.12\commons-compiler-3.0.12.jar;D:\NPCI\maven\repo\org\apache\velocity\velocity\1.7\velocity-1.7.jar;D:\NPCI\maven\repo\commons-collections\commons-collections\3.2.1\commons-collections-3.2.1.jar;D:\NPCI\maven\repo\commons-lang\commons-lang\2.4\commons-lang-2.4.jar;D:\NPCI\maven\repo\org\apache\velocity\velocity-tools\2.0\velocity-tools-2.0.jar;D:\NPCI\maven\repo\commons-beanutils\commons-beanutils\1.7.0\commons-beanutils-1.7.0.jar;D:\NPCI\maven\repo\commons-digester\commons-digester\1.8\commons-digester-1.8.jar;D:\NPCI\maven\repo\commons-chain\commons-chain\1.1\commons-chain-1.1.jar;D:\NPCI\maven\repo\commons-logging\commons-logging\1.1\commons-logging-1.1.jar;D:\NPCI\maven\repo\javax\servlet\servlet-api\2.3\servlet-api-2.3.jar;D:\NPCI\maven\repo\commons-validator\commons-validator\1.3.1\commons-validator-1.3.1.jar;D:\NPCI\maven\repo\dom4j\dom4j\1.6.1\dom4j-1.6.1.jar;D:\NPCI\maven\repo\xml-apis\xml-apis\1.4.01\xml-apis-1.4.01.jar;D:\NPCI\maven\repo\oro\oro\2.0.8\oro-2.0.8.jar;D:\NPCI\maven\repo\sslext\sslext\1.2-0\sslext-1.2-0.jar;D:\NPCI\maven\repo\org\apache\struts\struts-core\1.3.8\struts-core-1.3.8.jar;D:\NPCI\maven\repo\org\apache\struts\struts-taglib\1.3.8\struts-taglib-1.3.8.jar;D:\NPCI\maven\repo\org\apache\struts\struts-tiles\1.3.8\struts-tiles-1.3.8.jar;D:\NPCI\maven\repo\com\thoughtworks\xstream\xstream\1.4.11.1\xstream-1.4.11.1.jar;D:\NPCI\maven\repo\xmlpull\xmlpull\1.1.3.1\xmlpull-1.1.3.1.jar;D:\NPCI\maven\repo\xpp3\xpp3_min\1.1.4c\xpp3_min-1.1.4c.jar;D:\NPCI\maven\repo\io\rest-assured\rest-assured\3.0.0\rest-assured-3.0.0.jar;D:\NPCI\maven\repo\org\codehaus\groovy\groovy\2.5.6\groovy-2.5.6.jar;D:\NPCI\maven\repo\org\codehaus\groovy\groovy-xml\2.5.6\groovy-xml-2.5.6.jar;D:\NPCI\maven\repo\org\apache\httpcomponents\httpmime\4.5.7\httpmime-4.5.7.jar;D:\NPCI\maven\repo\org\ccil\cowan\tagsoup\tagsoup\1.2.1\tagsoup-1.2.1.jar;D:\NPCI\maven\repo\io\rest-assured\json-path\3.1.1\json-path-3.1.1.jar;D:\NPCI\maven\repo\org\codehaus\groovy\groovy-json\2.5.6\groovy-json-2.5.6.jar;D:\NPCI\maven\repo\io\rest-assured\rest-assured-common\3.1.1\rest-assured-common-3.1.1.jar;D:\NPCI\maven\repo\io\rest-assured\xml-path\3.1.1\xml-path-3.1.1.jar;D:\NPCI\maven\repo\org\apache\commons\commons-lang3\3.8.1\commons-lang3-3.8.1.jar;D:\NPCI\maven\repo\org\hamcrest\hamcrest-all\1.3\hamcrest-all-1.3.jar;"/>
    <property name="sun.cpu.endian" value="little"/>
    <property name="user.home" value="C:\Users\venkatesans"/>
    <property name="user.language" value="en"/>
    <property name="java.specification.vendor" value="Oracle Corporation"/>
    <property name="java.home" value="C:\Program Files\Java\jdk1.8.0_171\jre"/>
    <property name="basedir" value="D:\comviva-javaproject\comviva_configapi\interop-ping-request\interop_microservice_morocco\Source_Financial"/>
    <property name="file.separator" value="\"/>
    <property name="line.separator" value="&#10;"/>
    <property name="java.vm.specification.vendor" value="Oracle Corporation"/>
    <property name="java.specification.name" value="Java Platform API Specification"/>
    <property name="java.awt.graphicsenv" value="sun.awt.Win32GraphicsEnvironment"/>
    <property name="surefire.real.class.path" value="C:\Users\VENKAT~2\AppData\Local\Temp\surefire6923090852248269025\surefirebooter7046208641051682372.jar;D:\\NPCI\\maven\\repo\\org\\jacoco\\org.jacoco.agent\\0.8.2\\org.jacoco.agent-0.8.2-runtime.jar"/>
    <property name="sun.boot.class.path" value="C:\Program Files\Java\jdk1.8.0_171\jre\lib\resources.jar;C:\Program Files\Java\jdk1.8.0_171\jre\lib\rt.jar;C:\Program Files\Java\jdk1.8.0_171\jre\lib\sunrsasign.jar;C:\Program Files\Java\jdk1.8.0_171\jre\lib\jsse.jar;C:\Program Files\Java\jdk1.8.0_171\jre\lib\jce.jar;C:\Program Files\Java\jdk1.8.0_171\jre\lib\charsets.jar;C:\Program Files\Java\jdk1.8.0_171\jre\lib\jfr.jar;C:\Program Files\Java\jdk1.8.0_171\jre\classes"/>
    <property name="user.script" value=""/>
    <property name="sun.management.compiler" value="HotSpot 64-Bit Tiered Compilers"/>
    <property name="java.runtime.version" value="1.8.0_171-b11"/>
    <property name="user.name" value="venkatesans"/>
    <property name="path.separator" value=";"/>
    <property name="os.version" value="6.1"/>
    <property name="java.endorsed.dirs" value="C:\Program Files\Java\jdk1.8.0_171\jre\lib\endorsed"/>
    <property name="java.runtime.name" value="Java(TM) SE Runtime Environment"/>
    <property name="file.encoding" value="Cp1252"/>
    <property name="java.vm.name" value="Java HotSpot(TM) 64-Bit Server VM"/>
    <property name="localRepository" value="D:\NPCI\maven\repo"/>
    <property name="java.vendor.url.bug" value="http://bugreport.sun.com/bugreport/"/>
    <property name="java.io.tmpdir" value="C:\Users\VENKAT~2\AppData\Local\Temp\"/>
    <property name="java.version" value="1.8.0_171"/>
    <property name="user.dir" value="D:\comviva-javaproject\comviva_configapi\interop-ping-request\interop_microservice_morocco\Source_Financial"/>
    <property name="os.arch" value="amd64"/>
    <property name="java.vm.specification.name" value="Java Virtual Machine Specification"/>
    <property name="java.awt.printerjob" value="sun.awt.windows.WPrinterJob"/>
    <property name="sun.os.patch.level" value="Service Pack 1"/>
    <property name="java.library.path" value="C:\Program Files\Java\jdk1.8.0_171\jre\bin;C:\Windows\Sun\Java\bin;C:\Windows\system32;C:\Windows;C:\Users\venkatesans\bin;C:\Program Files\Git\mingw64\bin;C:\Program Files\Git\usr\local\bin;C:\Program Files\Git\usr\bin;C:\Program Files\Git\usr\bin;C:\Program Files\Git\mingw64\bin;C:\Program Files\Git\usr\bin;C:\Users\venkatesans\bin;C:\Program Files\NVIDIA GPU Computing Toolkit\CUDA\v9.0\bin;C:\Program Files\NVIDIA GPU Computing Toolkit\CUDA\v9.0\libnvvp;C:\Program Files (x86)\Common Files\Oracle\Java\javapath;C:\ProgramData\Oracle\Java\javapath;C:\Program Files\Common Files\Microsoft Shared\Windows Live;C:\Program Files (x86)\Common Files\Microsoft Shared\Windows Live;C:\Program Files (x86)\Intel\iCLS Client;C:\Program Files\Intel\iCLS Client;C:\Windows\system32;C:\Windows;C:\Windows\System32\Wbem;C:\Windows\System32\WindowsPowerShell\v1.0;C:\Program Files\Intel\Intel(R) Management Engine Components\DAL;C:\Program Files\Intel\Intel(R) Management Engine Components\IPT;C:\Program Files (x86)\Intel\Intel(R) Management Engine Components\DAL;C:\Program Files (x86)\Intel\Intel(R) Management Engine Components\IPT;C:\Program Files (x86)\Windows Live\Shared;C:\xampp\php;C:\ProgramData\ComposerSetup\bin;C:\Program Files\TortoiseSVN\bin;.;C:\Program Files\Java\jdk-10.0.1\bin;.;C:\elasticsearch-1.4.2\plugins\river-mongodb;.;D:\Android\tools;D:\Android\platform-tools;C:\apache-ant-1.10.3\bin;C:\Program Files\Android\Android Studio\gradle\gradle-4.4\bin;C:\Program Files\Microsoft VS Code\bin;C:\Program Files (x86)\NVIDIA Corporation\PhysX\Common;D:\javaproject\maven\bin;C:\Program Files\PuTTY;C:\Python27;C:\Python27\Scripts;C:\Program Files\Git\cmd;C:\Users\venkatesans\AppData\Local\Continuum\anaconda3;C:\Users\venkatesans\AppData\Local\Continuum\anaconda3\Library\mingw-w64\bin;C:\Users\venkatesans\AppData\Local\Continuum\anaconda3\Library\usr\bin;C:\Users\venkatesans\AppData\Local\Continuum\anaconda3\Library\bin;C:\Users\venkatesans\AppData\Local\Continuum\anaconda3\Scripts;C:\Users\venkatesans\AppData\Local\Programs\Python\Python37\Scripts;C:\Program Files\Tesseract-OCR;D:\xampp\php;C:\Users\venkatesans\AppData\Local\Programs\Python\Python37;C:\Program Files\Git\usr\bin\vendor_perl;C:\Program Files\Git\usr\bin\core_perl;."/>
    <property name="java.vm.info" value="mixed mode"/>
    <property name="java.vendor" value="Oracle Corporation"/>
    <property name="java.vm.version" value="25.171-b11"/>
    <property name="java.ext.dirs" value="C:\Program Files\Java\jdk1.8.0_171\jre\lib\ext;C:\Windows\Sun\Java\lib\ext"/>
    <property name="sun.io.unicode.encoding" value="UnicodeLittle"/>
    <property name="java.class.version" value="52.0"/>
  </properties>
  <testcase name="verifyP2POffUsTransactionHPSHandlerWithEmptyResponseCode" classname="com.comviva.interop.txnengine.service.test.P2POffUsTransactionHPSHandlerMockTest" time="0.012"/>
  <testcase name="verifyP2POffUsTransactionHPSHandlerWithEIGTimeOutResponseCode" classname="com.comviva.interop.txnengine.service.test.P2POffUsTransactionHPSHandlerMockTest" time="0.032"/>
  <testcase name="verifyP2POffUsTransactionHPSHandlerWithRestClientException" classname="com.comviva.interop.txnengine.service.test.P2POffUsTransactionHPSHandlerMockTest" time="0"/>
  <testcase name="verifyP2POffUsTransactionHPSHandlerWithSuccessResponseCode" classname="com.comviva.interop.txnengine.service.test.P2POffUsTransactionHPSHandlerMockTest" time="0"/>
  <testcase name="verifyP2POffUsTransactionHPSHandlerWithEIGErrorResponseCode" classname="com.comviva.interop.txnengine.service.test.P2POffUsTransactionHPSHandlerMockTest" time="0"/>
</testsuite>